[I 2025-11-27 23:26:53,330] Trial 49 finished with value: 0.5095455359031198 and parameters: {'alpha': 0.10738271680292878, 'fit_prior': False}. Best is trial 1 with value: 0.5095455359031198.
Best MNB Accuracy: 0.5095
Best MNB Params: {'alpha': 0.13903415209388137, 'fit_prior': False}

Optimizing Bernoulli Naive Bayes...
  0%|          | 0/50 [00:00<?, ?it/s]                                        0%|          | 0/50 [00:00<?, ?it/s]Best trial: 0. Best value: 0.660918:   0%|          | 0/50 [00:00<?, ?it/s]Best trial: 0. Best value: 0.660918:   2%|▏         | 1/50 [00:00<00:33,  1.48it/s]                                                                                   Best trial: 0. Best value: 0.660918:   2%|▏         | 1/50 [00:01<00:33,  1.48it/s]Best trial: 1. Best value: 0.660935:   2%|▏         | 1/50 [00:01<00:33,  1.48it/s]Best trial: 1. Best value: 0.660935:   4%|▍         | 2/50 [00:01<00:26,  1.84it/s]                                                                                   Best trial: 1. Best value: 0.660935:   4%|▍         | 2/50 [00:01<00:26,  1.84it/s]Best trial: 1. Best value: 0.660935:   4%|▍         | 2/50 [00:01<00:26,  1.84it/s]Best trial: 1. Best value: 0.660935:   6%|▌         | 3/50 [00:01<00:23,  1.97it/s]                                                                                   Best trial: 1. Best value: 0.660935:   6%|▌         | 3/50 [00:02<00:23,  1.97it/s]Best trial: 1. Best value: 0.660935:   6%|▌         | 3/50 [00:02<00:23,  1.97it/s]Best trial: 1. Best value: 0.660935:   8%|▊         | 4/50 [00:02<00:22,  2.03it/s]                                                                                   Best trial: 1. Best value: 0.660935:   8%|▊         | 4/50 [00:02<00:22,  2.03it/s]Best trial: 4. Best value: 0.660935:   8%|▊         | 4/50 [00:02<00:22,  2.03it/s]Best trial: 4. Best value: 0.660935:  10%|█         | 5/50 [00:02<00:20,  2.19it/s]                                                                                   Best trial: 4. Best value: 0.660935:  10%|█         | 5/50 [00:02<00:20,  2.19it/s]Best trial: 4. Best value: 0.660935:  10%|█         | 5/50 [00:02<00:20,  2.19it/s]Best trial: 4. Best value: 0.660935:  12%|█▏        | 6/50 [00:02<00:20,  2.20it/s]                                                                                   Best trial: 4. Best value: 0.660935:  12%|█▏        | 6/50 [00:03<00:20,  2.20it/s]Best trial: 4. Best value: 0.660935:  12%|█▏        | 6/50 [00:03<00:20,  2.20it/s]Best trial: 4. Best value: 0.660935:  14%|█▍        | 7/50 [00:03<00:18,  2.29it/s]                                                                                   Best trial: 4. Best value: 0.660935:  14%|█▍        | 7/50 [00:03<00:18,  2.29it/s]Best trial: 4. Best value: 0.660935:  14%|█▍        | 7/50 [00:03<00:18,  2.29it/s]Best trial: 4. Best value: 0.660935:  16%|█▌        | 8/50 [00:03<00:18,  2.26it/s]                                                                                   Best trial: 4. Best value: 0.660935:  16%|█▌        | 8/50 [00:04<00:18,  2.26it/s]Best trial: 4. Best value: 0.660935:  16%|█▌        | 8/50 [00:04<00:18,  2.26it/s]Best trial: 4. Best value: 0.660935:  18%|█▊        | 9/50 [00:04<00:17,  2.28it/s]                                                                                   Best trial: 4. Best value: 0.660935:  18%|█▊        | 9/50 [00:04<00:17,  2.28it/s]Best trial: 4. Best value: 0.660935:  18%|█▊        | 9/50 [00:04<00:17,  2.28it/s]Best trial: 4. Best value: 0.660935:  20%|██        | 10/50 [00:04<00:17,  2.25it/s]                                                                                    Best trial: 4. Best value: 0.660935:  20%|██        | 10/50 [00:05<00:17,  2.25it/s]Best trial: 10. Best value: 0.660951:  20%|██        | 10/50 [00:05<00:17,  2.25it/s]Best trial: 10. Best value: 0.660951:  22%|██▏       | 11/50 [00:05<00:17,  2.27it/s]                                                                                     Best trial: 10. Best value: 0.660951:  22%|██▏       | 11/50 [00:05<00:17,  2.27it/s]Best trial: 10. Best value: 0.660951:  22%|██▏       | 11/50 [00:05<00:17,  2.27it/s]Best trial: 10. Best value: 0.660951:  24%|██▍       | 12/50 [00:05<00:17,  2.23it/s]                                                                                     Best trial: 10. Best value: 0.660951:  24%|██▍       | 12/50 [00:05<00:17,  2.23it/s]Best trial: 10. Best value: 0.660951:  24%|██▍       | 12/50 [00:05<00:17,  2.23it/s]Best trial: 10. Best value: 0.660951:  26%|██▌       | 13/50 [00:05<00:16,  2.27it/s]                                                                                     Best trial: 10. Best value: 0.660951:  26%|██▌       | 13/50 [00:06<00:16,  2.27it/s]Best trial: 10. Best value: 0.660951:  26%|██▌       | 13/50 [00:06<00:16,  2.27it/s]Best trial: 10. Best value: 0.660951:  28%|██▊       | 14/50 [00:06<00:16,  2.24it/s]                                                                                     Best trial: 10. Best value: 0.660951:  28%|██▊       | 14/50 [00:07<00:16,  2.24it/s]Best trial: 10. Best value: 0.660951:  28%|██▊       | 14/50 [00:07<00:16,  2.24it/s]Best trial: 10. Best value: 0.660951:  30%|███       | 15/50 [00:07<00:17,  2.00it/s]                                                                                     Best trial: 10. Best value: 0.660951:  30%|███       | 15/50 [00:07<00:17,  2.00it/s]Best trial: 10. Best value: 0.660951:  30%|███       | 15/50 [00:07<00:17,  2.00it/s]Best trial: 10. Best value: 0.660951:  32%|███▏      | 16/50 [00:07<00:16,  2.06it/s]                                                                                     Best trial: 10. Best value: 0.660951:  32%|███▏      | 16/50 [00:08<00:16,  2.06it/s]Best trial: 10. Best value: 0.660951:  32%|███▏      | 16/50 [00:08<00:16,  2.06it/s]Best trial: 10. Best value: 0.660951:  34%|███▍      | 17/50 [00:08<00:16,  2.00it/s]                                                                                     Best trial: 10. Best value: 0.660951:  34%|███▍      | 17/50 [00:08<00:16,  2.00it/s]Best trial: 10. Best value: 0.660951:  34%|███▍      | 17/50 [00:08<00:16,  2.00it/s]Best trial: 10. Best value: 0.660951:  36%|███▌      | 18/50 [00:08<00:15,  2.06it/s]                                                                                     Best trial: 10. Best value: 0.660951:  36%|███▌      | 18/50 [00:08<00:15,  2.06it/s]Best trial: 10. Best value: 0.660951:  36%|███▌      | 18/50 [00:08<00:15,  2.06it/s]Best trial: 10. Best value: 0.660951:  38%|███▊      | 19/50 [00:08<00:14,  2.16it/s]                                                                                     Best trial: 10. Best value: 0.660951:  38%|███▊      | 19/50 [00:09<00:14,  2.16it/s]Best trial: 10. Best value: 0.660951:  38%|███▊      | 19/50 [00:09<00:14,  2.16it/s]Best trial: 10. Best value: 0.660951:  40%|████      | 20/50 [00:09<00:14,  2.13it/s]                                                                                     Best trial: 10. Best value: 0.660951:  40%|████      | 20/50 [00:09<00:14,  2.13it/s]Best trial: 10. Best value: 0.660951:  40%|████      | 20/50 [00:09<00:14,  2.13it/s]Best trial: 10. Best value: 0.660951:  42%|████▏     | 21/50 [00:09<00:13,  2.10it/s]                                                                                     Best trial: 10. Best value: 0.660951:  42%|████▏     | 21/50 [00:10<00:13,  2.10it/s]Best trial: 10. Best value: 0.660951:  42%|████▏     | 21/50 [00:10<00:13,  2.10it/s]Best trial: 10. Best value: 0.660951:  44%|████▍     | 22/50 [00:10<00:13,  2.14it/s]                                                                                     Best trial: 10. Best value: 0.660951:  44%|████▍     | 22/50 [00:10<00:13,  2.14it/s]Best trial: 10. Best value: 0.660951:  44%|████▍     | 22/50 [00:10<00:13,  2.14it/s]Best trial: 10. Best value: 0.660951:  46%|████▌     | 23/50 [00:10<00:13,  2.02it/s]                                                                                     Best trial: 10. Best value: 0.660951:  46%|████▌     | 23/50 [00:11<00:13,  2.02it/s]Best trial: 10. Best value: 0.660951:  46%|████▌     | 23/50 [00:11<00:13,  2.02it/s]Best trial: 10. Best value: 0.660951:  48%|████▊     | 24/50 [00:11<00:15,  1.71it/s]                                                                                     Best trial: 10. Best value: 0.660951:  48%|████▊     | 24/50 [00:12<00:15,  1.71it/s]Best trial: 10. Best value: 0.660951:  48%|████▊     | 24/50 [00:12<00:15,  1.71it/s]Best trial: 10. Best value: 0.660951:  50%|█████     | 25/50 [00:12<00:14,  1.78it/s]                                                                                     Best trial: 10. Best value: 0.660951:  50%|█████     | 25/50 [00:12<00:14,  1.78it/s]Best trial: 10. Best value: 0.660951:  50%|█████     | 25/50 [00:12<00:14,  1.78it/s]Best trial: 10. Best value: 0.660951:  52%|█████▏    | 26/50 [00:12<00:12,  1.89it/s]                                                                                     Best trial: 10. Best value: 0.660951:  52%|█████▏    | 26/50 [00:13<00:12,  1.89it/s]Best trial: 10. Best value: 0.660951:  52%|█████▏    | 26/50 [00:13<00:12,  1.89it/s]Best trial: 10. Best value: 0.660951:  54%|█████▍    | 27/50 [00:13<00:11,  1.97it/s]                                                                                     Best trial: 10. Best value: 0.660951:  54%|█████▍    | 27/50 [00:13<00:11,  1.97it/s]Best trial: 10. Best value: 0.660951:  54%|█████▍    | 27/50 [00:13<00:11,  1.97it/s]Best trial: 10. Best value: 0.660951:  56%|█████▌    | 28/50 [00:13<00:10,  2.01it/s]                                                                                     Best trial: 10. Best value: 0.660951:  56%|█████▌    | 28/50 [00:13<00:10,  2.01it/s]Best trial: 10. Best value: 0.660951:  56%|█████▌    | 28/50 [00:14<00:10,  2.01it/s]Best trial: 10. Best value: 0.660951:  58%|█████▊    | 29/50 [00:14<00:10,  2.09it/s]                                                                                     Best trial: 10. Best value: 0.660951:  58%|█████▊    | 29/50 [00:14<00:10,  2.09it/s]Best trial: 10. Best value: 0.660951:  58%|█████▊    | 29/50 [00:14<00:10,  2.09it/s]Best trial: 10. Best value: 0.660951:  60%|██████    | 30/50 [00:14<00:09,  2.14it/s]                                                                                     Best trial: 10. Best value: 0.660951:  60%|██████    | 30/50 [00:14<00:09,  2.14it/s]Best trial: 10. Best value: 0.660951:  60%|██████    | 30/50 [00:14<00:09,  2.14it/s]Best trial: 10. Best value: 0.660951:  62%|██████▏   | 31/50 [00:14<00:08,  2.13it/s]                                                                                     Best trial: 10. Best value: 0.660951:  62%|██████▏   | 31/50 [00:15<00:08,  2.13it/s]Best trial: 10. Best value: 0.660951:  62%|██████▏   | 31/50 [00:15<00:08,  2.13it/s]Best trial: 10. Best value: 0.660951:  64%|██████▍   | 32/50 [00:15<00:10,  1.72it/s]                                                                                     Best trial: 10. Best value: 0.660951:  64%|██████▍   | 32/50 [00:16<00:10,  1.72it/s]Best trial: 10. Best value: 0.660951:  64%|██████▍   | 32/50 [00:16<00:10,  1.72it/s]Best trial: 10. Best value: 0.660951:  66%|██████▌   | 33/50 [00:16<00:09,  1.83it/s]                                                                                     Best trial: 10. Best value: 0.660951:  66%|██████▌   | 33/50 [00:16<00:09,  1.83it/s]Best trial: 10. Best value: 0.660951:  66%|██████▌   | 33/50 [00:16<00:09,  1.83it/s]Best trial: 10. Best value: 0.660951:  68%|██████▊   | 34/50 [00:16<00:08,  1.81it/s]                                                                                     Best trial: 10. Best value: 0.660951:  68%|██████▊   | 34/50 [00:17<00:08,  1.81it/s]Best trial: 10. Best value: 0.660951:  68%|██████▊   | 34/50 [00:17<00:08,  1.81it/s]Best trial: 10. Best value: 0.660951:  70%|███████   | 35/50 [00:17<00:08,  1.85it/s]                                                                                     Best trial: 10. Best value: 0.660951:  70%|███████   | 35/50 [00:18<00:08,  1.85it/s]Best trial: 10. Best value: 0.660951:  70%|███████   | 35/50 [00:18<00:08,  1.85it/s]Best trial: 10. Best value: 0.660951:  72%|███████▏  | 36/50 [00:18<00:08,  1.69it/s]                                                                                     Best trial: 10. Best value: 0.660951:  72%|███████▏  | 36/50 [00:18<00:08,  1.69it/s]Best trial: 10. Best value: 0.660951:  72%|███████▏  | 36/50 [00:18<00:08,  1.69it/s]Best trial: 10. Best value: 0.660951:  74%|███████▍  | 37/50 [00:18<00:07,  1.82it/s]                                                                                     Best trial: 10. Best value: 0.660951:  74%|███████▍  | 37/50 [00:19<00:07,  1.82it/s]Best trial: 10. Best value: 0.660951:  74%|███████▍  | 37/50 [00:19<00:07,  1.82it/s]Best trial: 10. Best value: 0.660951:  76%|███████▌  | 38/50 [00:19<00:06,  1.78it/s]                                                                                     Best trial: 10. Best value: 0.660951:  76%|███████▌  | 38/50 [00:19<00:06,  1.78it/s]Best trial: 10. Best value: 0.660951:  76%|███████▌  | 38/50 [00:19<00:06,  1.78it/s]Best trial: 10. Best value: 0.660951:  78%|███████▊  | 39/50 [00:19<00:05,  1.92it/s]                                                                                     Best trial: 10. Best value: 0.660951:  78%|███████▊  | 39/50 [00:20<00:05,  1.92it/s]Best trial: 10. Best value: 0.660951:  78%|███████▊  | 39/50 [00:20<00:05,  1.92it/s]Best trial: 10. Best value: 0.660951:  80%|████████  | 40/50 [00:20<00:05,  1.85it/s]                                                                                     Best trial: 10. Best value: 0.660951:  80%|████████  | 40/50 [00:20<00:05,  1.85it/s]Best trial: 10. Best value: 0.660951:  80%|████████  | 40/50 [00:20<00:05,  1.85it/s]Best trial: 10. Best value: 0.660951:  82%|████████▏ | 41/50 [00:20<00:04,  1.91it/s]                                                                                     Best trial: 10. Best value: 0.660951:  82%|████████▏ | 41/50 [00:21<00:04,  1.91it/s]Best trial: 10. Best value: 0.660951:  82%|████████▏ | 41/50 [00:21<00:04,  1.91it/s]Best trial: 10. Best value: 0.660951:  84%|████████▍ | 42/50 [00:21<00:04,  1.80it/s]                                                                                     Best trial: 10. Best value: 0.660951:  84%|████████▍ | 42/50 [00:21<00:04,  1.80it/s]Best trial: 10. Best value: 0.660951:  84%|████████▍ | 42/50 [00:21<00:04,  1.80it/s]Best trial: 10. Best value: 0.660951:  86%|████████▌ | 43/50 [00:21<00:03,  1.90it/s]                                                                                     Best trial: 10. Best value: 0.660951:  86%|████████▌ | 43/50 [00:22<00:03,  1.90it/s]Best trial: 10. Best value: 0.660951:  86%|████████▌ | 43/50 [00:22<00:03,  1.90it/s]Best trial: 10. Best value: 0.660951:  88%|████████▊ | 44/50 [00:22<00:03,  1.85it/s]                                                                                     Best trial: 10. Best value: 0.660951:  88%|████████▊ | 44/50 [00:22<00:03,  1.85it/s]Best trial: 10. Best value: 0.660951:  88%|████████▊ | 44/50 [00:22<00:03,  1.85it/s]Best trial: 10. Best value: 0.660951:  90%|█████████ | 45/50 [00:22<00:02,  1.95it/s]                                                                                     Best trial: 10. Best value: 0.660951:  90%|█████████ | 45/50 [00:23<00:02,  1.95it/s]Best trial: 10. Best value: 0.660951:  90%|█████████ | 45/50 [00:23<00:02,  1.95it/s]Best trial: 10. Best value: 0.660951:  92%|█████████▏| 46/50 [00:23<00:02,  1.89it/s]                                                                                     Best trial: 10. Best value: 0.660951:  92%|█████████▏| 46/50 [00:23<00:02,  1.89it/s]Best trial: 10. Best value: 0.660951:  92%|█████████▏| 46/50 [00:23<00:02,  1.89it/s]Best trial: 10. Best value: 0.660951:  94%|█████████▍| 47/50 [00:23<00:01,  1.75it/s]                                                                                     Best trial: 10. Best value: 0.660951:  94%|█████████▍| 47/50 [00:24<00:01,  1.75it/s]Best trial: 10. Best value: 0.660951:  94%|█████████▍| 47/50 [00:24<00:01,  1.75it/s]Best trial: 10. Best value: 0.660951:  96%|█████████▌| 48/50 [00:24<00:01,  1.87it/s]                                                                                     Best trial: 10. Best value: 0.660951:  96%|█████████▌| 48/50 [00:24<00:01,  1.87it/s]Best trial: 10. Best value: 0.660951:  96%|█████████▌| 48/50 [00:24<00:01,  1.87it/s]Best trial: 10. Best value: 0.660951:  98%|█████████▊| 49/50 [00:24<00:00,  1.79it/s]                                                                                     Best trial: 10. Best value: 0.660951:  98%|█████████▊| 49/50 [00:25<00:00,  1.79it/s]Best trial: 10. Best value: 0.660951:  98%|█████████▊| 49/50 [00:25<00:00,  1.79it/s]Best trial: 10. Best value: 0.660951: 100%|██████████| 50/50 [00:25<00:00,  1.89it/s]Best trial: 10. Best value: 0.660951: 100%|██████████| 50/50 [00:25<00:00,  1.97it/s]
[I 2025-11-27 23:26:54,008] Trial 0 finished with value: 0.6609178630423593 and parameters: {'alpha': 1.8132100473496884, 'binarize': 0.3585875806294193, 'fit_prior': True}. Best is trial 0 with value: 0.6609178630423593.
[I 2025-11-27 23:26:54,456] Trial 1 finished with value: 0.6609346373438929 and parameters: {'alpha': 0.04811280223660743, 'binarize': 0.01779296982337475, 'fit_prior': True}. Best is trial 1 with value: 0.6609346373438929.
[I 2025-11-27 23:26:54,922] Trial 2 finished with value: 0.6603977485228517 and parameters: {'alpha': 0.04300795089630284, 'binarize': 0.3547413021676332, 'fit_prior': False}. Best is trial 1 with value: 0.6609346373438929.
[I 2025-11-27 23:26:55,395] Trial 3 finished with value: 0.6603977485228517 and parameters: {'alpha': 0.015615431752138375, 'binarize': 0.4210646715022144, 'fit_prior': False}. Best is trial 1 with value: 0.6609346373438929.
[I 2025-11-27 23:26:55,786] Trial 4 finished with value: 0.660934638751133 and parameters: {'alpha': 2.8397793338875204, 'binarize': 0.9173808575538035, 'fit_prior': True}. Best is trial 4 with value: 0.660934638751133.
[I 2025-11-27 23:26:56,237] Trial 5 finished with value: 0.6603977485228517 and parameters: {'alpha': 0.02072564416615917, 'binarize': 0.45299578185851386, 'fit_prior': False}. Best is trial 4 with value: 0.660934638751133.
[I 2025-11-27 23:26:56,638] Trial 6 finished with value: 0.6603977485228517 and parameters: {'alpha': 0.04737490787381612, 'binarize': 0.7687572673476881, 'fit_prior': False}. Best is trial 4 with value: 0.660934638751133.
[I 2025-11-27 23:26:57,091] Trial 7 finished with value: 0.6609346373438929 and parameters: {'alpha': 0.02322753611553777, 'binarize': 0.2109163810930197, 'fit_prior': True}. Best is trial 4 with value: 0.660934638751133.
[I 2025-11-27 23:26:57,522] Trial 8 finished with value: 0.6604145228243854 and parameters: {'alpha': 3.562695902107828, 'binarize': 0.5828470250608639, 'fit_prior': False}. Best is trial 4 with value: 0.660934638751133.
[I 2025-11-27 23:26:57,977] Trial 9 finished with value: 0.660934638751133 and parameters: {'alpha': 4.409668135937565, 'binarize': 0.8115777177776752, 'fit_prior': True}. Best is trial 4 with value: 0.660934638751133.
[I 2025-11-27 23:26:58,411] Trial 10 finished with value: 0.6609514144599067 and parameters: {'alpha': 0.5858743514913339, 'binarize': 0.995416213707797, 'fit_prior': True}. Best is trial 10 with value: 0.6609514144599067.
[I 2025-11-27 23:26:58,876] Trial 11 finished with value: 0.6609514144599067 and parameters: {'alpha': 0.7083617205440358, 'binarize': 0.9997339735310793, 'fit_prior': True}. Best is trial 10 with value: 0.6609514144599067.
[I 2025-11-27 23:26:59,302] Trial 12 finished with value: 0.6609514144599067 and parameters: {'alpha': 0.5512640968221872, 'binarize': 0.9941482952356336, 'fit_prior': True}. Best is trial 10 with value: 0.6609514144599067.
[I 2025-11-27 23:26:59,760] Trial 13 finished with value: 0.6609346373438929 and parameters: {'alpha': 0.28144777022490125, 'binarize': 0.6706604863779504, 'fit_prior': True}. Best is trial 10 with value: 0.6609514144599067.
[I 2025-11-27 23:27:00,385] Trial 14 finished with value: 0.6609346373438929 and parameters: {'alpha': 0.3261520840830745, 'binarize': 0.9982091106455372, 'fit_prior': True}. Best is trial 10 with value: 0.6609514144599067.
[I 2025-11-27 23:27:00,835] Trial 15 finished with value: 0.6609178630423593 and parameters: {'alpha': 1.0095758134697759, 'binarize': 0.8299120755846359, 'fit_prior': True}. Best is trial 10 with value: 0.6609514144599067.
[I 2025-11-27 23:27:01,372] Trial 16 finished with value: 0.6609346373438929 and parameters: {'alpha': 0.1525508989486703, 'binarize': 0.6603985782684638, 'fit_prior': True}. Best is trial 10 with value: 0.6609514144599067.
[I 2025-11-27 23:27:01,823] Trial 17 finished with value: 0.6609178630423593 and parameters: {'alpha': 1.1057083569922266, 'binarize': 0.904363376821382, 'fit_prior': True}. Best is trial 10 with value: 0.6609514144599067.
[I 2025-11-27 23:27:02,230] Trial 18 finished with value: 0.6609010873335855 and parameters: {'alpha': 9.486213994033601, 'binarize': 0.7395347708115452, 'fit_prior': True}. Best is trial 10 with value: 0.6609514144599067.
[I 2025-11-27 23:27:02,716] Trial 19 finished with value: 0.6609346373438929 and parameters: {'alpha': 0.12785761620183994, 'binarize': 0.5370547424358136, 'fit_prior': True}. Best is trial 10 with value: 0.6609514144599067.
