[I 2025-11-27 23:26:34,011] Trial 49 finished with value: 0.7074887461956848 and parameters: {'var_smoothing': 8.072361163248814e-07}. Best is trial 0 with value: 0.7074887461956848.
Best GNB Accuracy: 0.7075
Best GNB Params: {'var_smoothing': 3.074134311470462e-06}

Optimizing Multinomial Naive Bayes...
  0%|          | 0/50 [00:00<?, ?it/s]                                        0%|          | 0/50 [00:00<?, ?it/s]Best trial: 0. Best value: 0.509478:   0%|          | 0/50 [00:00<?, ?it/s]Best trial: 0. Best value: 0.509478:   2%|▏         | 1/50 [00:00<00:05,  9.77it/s]                                                                                   Best trial: 0. Best value: 0.509478:   2%|▏         | 1/50 [00:00<00:05,  9.77it/s]Best trial: 1. Best value: 0.509546:   2%|▏         | 1/50 [00:00<00:05,  9.77it/s]Best trial: 1. Best value: 0.509546:   4%|▍         | 2/50 [00:00<00:21,  2.27it/s]                                                                                   Best trial: 1. Best value: 0.509546:   4%|▍         | 2/50 [00:01<00:21,  2.27it/s]Best trial: 1. Best value: 0.509546:   4%|▍         | 2/50 [00:01<00:21,  2.27it/s]Best trial: 1. Best value: 0.509546:   6%|▌         | 3/50 [00:01<00:19,  2.47it/s]                                                                                   Best trial: 1. Best value: 0.509546:   6%|▌         | 3/50 [00:01<00:19,  2.47it/s]Best trial: 1. Best value: 0.509546:   6%|▌         | 3/50 [00:01<00:19,  2.47it/s]Best trial: 1. Best value: 0.509546:   8%|▊         | 4/50 [00:01<00:17,  2.56it/s]                                                                                   Best trial: 1. Best value: 0.509546:   8%|▊         | 4/50 [00:01<00:17,  2.56it/s]Best trial: 1. Best value: 0.509546:   8%|▊         | 4/50 [00:01<00:17,  2.56it/s]Best trial: 1. Best value: 0.509546:  10%|█         | 5/50 [00:01<00:17,  2.61it/s]                                                                                   Best trial: 1. Best value: 0.509546:  10%|█         | 5/50 [00:02<00:17,  2.61it/s]Best trial: 1. Best value: 0.509546:  10%|█         | 5/50 [00:02<00:17,  2.61it/s]Best trial: 1. Best value: 0.509546:  12%|█▏        | 6/50 [00:02<00:16,  2.70it/s]                                                                                   Best trial: 1. Best value: 0.509546:  12%|█▏        | 6/50 [00:02<00:16,  2.70it/s]Best trial: 1. Best value: 0.509546:  12%|█▏        | 6/50 [00:02<00:16,  2.70it/s]Best trial: 1. Best value: 0.509546:  14%|█▍        | 7/50 [00:02<00:15,  2.74it/s]                                                                                   Best trial: 1. Best value: 0.509546:  14%|█▍        | 7/50 [00:02<00:15,  2.74it/s]Best trial: 1. Best value: 0.509546:  14%|█▍        | 7/50 [00:02<00:15,  2.74it/s]Best trial: 1. Best value: 0.509546:  16%|█▌        | 8/50 [00:02<00:15,  2.69it/s]                                                                                   Best trial: 1. Best value: 0.509546:  16%|█▌        | 8/50 [00:03<00:15,  2.69it/s]Best trial: 1. Best value: 0.509546:  16%|█▌        | 8/50 [00:03<00:15,  2.69it/s]Best trial: 1. Best value: 0.509546:  18%|█▊        | 9/50 [00:03<00:15,  2.67it/s]                                                                                   Best trial: 1. Best value: 0.509546:  18%|█▊        | 9/50 [00:03<00:15,  2.67it/s]Best trial: 1. Best value: 0.509546:  18%|█▊        | 9/50 [00:03<00:15,  2.67it/s]Best trial: 1. Best value: 0.509546:  20%|██        | 10/50 [00:03<00:14,  2.72it/s]                                                                                    Best trial: 1. Best value: 0.509546:  20%|██        | 10/50 [00:04<00:14,  2.72it/s]Best trial: 1. Best value: 0.509546:  20%|██        | 10/50 [00:04<00:14,  2.72it/s]Best trial: 1. Best value: 0.509546:  22%|██▏       | 11/50 [00:04<00:14,  2.76it/s]                                                                                    Best trial: 1. Best value: 0.509546:  22%|██▏       | 11/50 [00:04<00:14,  2.76it/s]Best trial: 1. Best value: 0.509546:  22%|██▏       | 11/50 [00:04<00:14,  2.76it/s]Best trial: 1. Best value: 0.509546:  24%|██▍       | 12/50 [00:04<00:13,  2.78it/s]                                                                                    Best trial: 1. Best value: 0.509546:  24%|██▍       | 12/50 [00:04<00:13,  2.78it/s]Best trial: 1. Best value: 0.509546:  24%|██▍       | 12/50 [00:04<00:13,  2.78it/s]Best trial: 1. Best value: 0.509546:  26%|██▌       | 13/50 [00:04<00:12,  2.88it/s]                                                                                    Best trial: 1. Best value: 0.509546:  26%|██▌       | 13/50 [00:05<00:12,  2.88it/s]Best trial: 1. Best value: 0.509546:  26%|██▌       | 13/50 [00:05<00:12,  2.88it/s]Best trial: 1. Best value: 0.509546:  28%|██▊       | 14/50 [00:05<00:13,  2.70it/s]                                                                                    Best trial: 1. Best value: 0.509546:  28%|██▊       | 14/50 [00:05<00:13,  2.70it/s]Best trial: 1. Best value: 0.509546:  28%|██▊       | 14/50 [00:05<00:13,  2.70it/s]Best trial: 1. Best value: 0.509546:  30%|███       | 15/50 [00:05<00:12,  2.79it/s]                                                                                    Best trial: 1. Best value: 0.509546:  30%|███       | 15/50 [00:05<00:12,  2.79it/s]Best trial: 1. Best value: 0.509546:  30%|███       | 15/50 [00:05<00:12,  2.79it/s]Best trial: 1. Best value: 0.509546:  32%|███▏      | 16/50 [00:05<00:12,  2.79it/s]                                                                                    Best trial: 1. Best value: 0.509546:  32%|███▏      | 16/50 [00:06<00:12,  2.79it/s]Best trial: 1. Best value: 0.509546:  32%|███▏      | 16/50 [00:06<00:12,  2.79it/s]Best trial: 1. Best value: 0.509546:  34%|███▍      | 17/50 [00:06<00:11,  2.82it/s]                                                                                    Best trial: 1. Best value: 0.509546:  34%|███▍      | 17/50 [00:06<00:11,  2.82it/s]Best trial: 1. Best value: 0.509546:  34%|███▍      | 17/50 [00:06<00:11,  2.82it/s]Best trial: 1. Best value: 0.509546:  36%|███▌      | 18/50 [00:06<00:10,  2.91it/s]                                                                                    Best trial: 1. Best value: 0.509546:  36%|███▌      | 18/50 [00:06<00:10,  2.91it/s]Best trial: 1. Best value: 0.509546:  36%|███▌      | 18/50 [00:06<00:10,  2.91it/s]Best trial: 1. Best value: 0.509546:  38%|███▊      | 19/50 [00:06<00:10,  2.90it/s]                                                                                    Best trial: 1. Best value: 0.509546:  38%|███▊      | 19/50 [00:07<00:10,  2.90it/s]Best trial: 1. Best value: 0.509546:  38%|███▊      | 19/50 [00:07<00:10,  2.90it/s]Best trial: 1. Best value: 0.509546:  40%|████      | 20/50 [00:07<00:10,  2.87it/s]                                                                                    Best trial: 1. Best value: 0.509546:  40%|████      | 20/50 [00:07<00:10,  2.87it/s]Best trial: 1. Best value: 0.509546:  40%|████      | 20/50 [00:07<00:10,  2.87it/s]Best trial: 1. Best value: 0.509546:  42%|████▏     | 21/50 [00:07<00:10,  2.84it/s]                                                                                    Best trial: 1. Best value: 0.509546:  42%|████▏     | 21/50 [00:07<00:10,  2.84it/s]Best trial: 1. Best value: 0.509546:  42%|████▏     | 21/50 [00:07<00:10,  2.84it/s]Best trial: 1. Best value: 0.509546:  44%|████▍     | 22/50 [00:07<00:09,  2.87it/s]                                                                                    Best trial: 1. Best value: 0.509546:  44%|████▍     | 22/50 [00:08<00:09,  2.87it/s]Best trial: 1. Best value: 0.509546:  44%|████▍     | 22/50 [00:08<00:09,  2.87it/s]Best trial: 1. Best value: 0.509546:  46%|████▌     | 23/50 [00:08<00:09,  2.88it/s]                                                                                    Best trial: 1. Best value: 0.509546:  46%|████▌     | 23/50 [00:08<00:09,  2.88it/s]Best trial: 1. Best value: 0.509546:  46%|████▌     | 23/50 [00:08<00:09,  2.88it/s]Best trial: 1. Best value: 0.509546:  48%|████▊     | 24/50 [00:08<00:08,  2.98it/s]                                                                                    Best trial: 1. Best value: 0.509546:  48%|████▊     | 24/50 [00:08<00:08,  2.98it/s]Best trial: 1. Best value: 0.509546:  48%|████▊     | 24/50 [00:08<00:08,  2.98it/s]Best trial: 1. Best value: 0.509546:  50%|█████     | 25/50 [00:08<00:08,  2.93it/s]                                                                                    Best trial: 1. Best value: 0.509546:  50%|█████     | 25/50 [00:09<00:08,  2.93it/s]Best trial: 1. Best value: 0.509546:  50%|█████     | 25/50 [00:09<00:08,  2.93it/s]Best trial: 1. Best value: 0.509546:  52%|█████▏    | 26/50 [00:09<00:09,  2.59it/s]                                                                                    Best trial: 1. Best value: 0.509546:  52%|█████▏    | 26/50 [00:09<00:09,  2.59it/s]Best trial: 1. Best value: 0.509546:  52%|█████▏    | 26/50 [00:09<00:09,  2.59it/s]Best trial: 1. Best value: 0.509546:  54%|█████▍    | 27/50 [00:09<00:09,  2.48it/s]                                                                                    Best trial: 1. Best value: 0.509546:  54%|█████▍    | 27/50 [00:10<00:09,  2.48it/s]Best trial: 1. Best value: 0.509546:  54%|█████▍    | 27/50 [00:10<00:09,  2.48it/s]Best trial: 1. Best value: 0.509546:  56%|█████▌    | 28/50 [00:10<00:09,  2.36it/s]                                                                                    Best trial: 1. Best value: 0.509546:  56%|█████▌    | 28/50 [00:10<00:09,  2.36it/s]Best trial: 1. Best value: 0.509546:  56%|█████▌    | 28/50 [00:10<00:09,  2.36it/s]Best trial: 1. Best value: 0.509546:  58%|█████▊    | 29/50 [00:10<00:08,  2.42it/s]                                                                                    Best trial: 1. Best value: 0.509546:  58%|█████▊    | 29/50 [00:11<00:08,  2.42it/s]Best trial: 1. Best value: 0.509546:  58%|█████▊    | 29/50 [00:11<00:08,  2.42it/s]Best trial: 1. Best value: 0.509546:  60%|██████    | 30/50 [00:11<00:07,  2.54it/s]                                                                                    Best trial: 1. Best value: 0.509546:  60%|██████    | 30/50 [00:11<00:07,  2.54it/s]Best trial: 1. Best value: 0.509546:  60%|██████    | 30/50 [00:11<00:07,  2.54it/s]Best trial: 1. Best value: 0.509546:  62%|██████▏   | 31/50 [00:11<00:07,  2.62it/s]                                                                                    Best trial: 1. Best value: 0.509546:  62%|██████▏   | 31/50 [00:11<00:07,  2.62it/s]Best trial: 1. Best value: 0.509546:  62%|██████▏   | 31/50 [00:11<00:07,  2.62it/s]Best trial: 1. Best value: 0.509546:  64%|██████▍   | 32/50 [00:11<00:06,  2.73it/s]                                                                                    Best trial: 1. Best value: 0.509546:  64%|██████▍   | 32/50 [00:12<00:06,  2.73it/s]Best trial: 1. Best value: 0.509546:  64%|██████▍   | 32/50 [00:12<00:06,  2.73it/s]Best trial: 1. Best value: 0.509546:  66%|██████▌   | 33/50 [00:12<00:06,  2.74it/s]                                                                                    Best trial: 1. Best value: 0.509546:  66%|██████▌   | 33/50 [00:12<00:06,  2.74it/s]Best trial: 1. Best value: 0.509546:  66%|██████▌   | 33/50 [00:12<00:06,  2.74it/s]Best trial: 1. Best value: 0.509546:  68%|██████▊   | 34/50 [00:12<00:06,  2.60it/s]                                                                                    Best trial: 1. Best value: 0.509546:  68%|██████▊   | 34/50 [00:12<00:06,  2.60it/s]Best trial: 1. Best value: 0.509546:  68%|██████▊   | 34/50 [00:12<00:06,  2.60it/s]Best trial: 1. Best value: 0.509546:  70%|███████   | 35/50 [00:12<00:05,  2.60it/s]                                                                                    Best trial: 1. Best value: 0.509546:  70%|███████   | 35/50 [00:13<00:05,  2.60it/s]Best trial: 1. Best value: 0.509546:  70%|███████   | 35/50 [00:13<00:05,  2.60it/s]Best trial: 1. Best value: 0.509546:  72%|███████▏  | 36/50 [00:13<00:05,  2.35it/s]                                                                                    Best trial: 1. Best value: 0.509546:  72%|███████▏  | 36/50 [00:13<00:05,  2.35it/s]Best trial: 1. Best value: 0.509546:  72%|███████▏  | 36/50 [00:13<00:05,  2.35it/s]Best trial: 1. Best value: 0.509546:  74%|███████▍  | 37/50 [00:13<00:05,  2.50it/s]                                                                                    Best trial: 1. Best value: 0.509546:  74%|███████▍  | 37/50 [00:14<00:05,  2.50it/s]Best trial: 1. Best value: 0.509546:  74%|███████▍  | 37/50 [00:14<00:05,  2.50it/s]Best trial: 1. Best value: 0.509546:  76%|███████▌  | 38/50 [00:14<00:04,  2.58it/s]                                                                                    Best trial: 1. Best value: 0.509546:  76%|███████▌  | 38/50 [00:14<00:04,  2.58it/s]Best trial: 1. Best value: 0.509546:  76%|███████▌  | 38/50 [00:14<00:04,  2.58it/s]Best trial: 1. Best value: 0.509546:  78%|███████▊  | 39/50 [00:14<00:04,  2.49it/s]                                                                                    Best trial: 1. Best value: 0.509546:  78%|███████▊  | 39/50 [00:14<00:04,  2.49it/s]Best trial: 1. Best value: 0.509546:  78%|███████▊  | 39/50 [00:14<00:04,  2.49it/s]Best trial: 1. Best value: 0.509546:  80%|████████  | 40/50 [00:14<00:03,  2.52it/s]                                                                                    Best trial: 1. Best value: 0.509546:  80%|████████  | 40/50 [00:15<00:03,  2.52it/s]Best trial: 1. Best value: 0.509546:  80%|████████  | 40/50 [00:15<00:03,  2.52it/s]Best trial: 1. Best value: 0.509546:  82%|████████▏ | 41/50 [00:15<00:03,  2.69it/s]                                                                                    Best trial: 1. Best value: 0.509546:  82%|████████▏ | 41/50 [00:15<00:03,  2.69it/s]Best trial: 1. Best value: 0.509546:  82%|████████▏ | 41/50 [00:15<00:03,  2.69it/s]Best trial: 1. Best value: 0.509546:  84%|████████▍ | 42/50 [00:15<00:03,  2.52it/s]                                                                                    Best trial: 1. Best value: 0.509546:  84%|████████▍ | 42/50 [00:16<00:03,  2.52it/s]Best trial: 1. Best value: 0.509546:  84%|████████▍ | 42/50 [00:16<00:03,  2.52it/s]Best trial: 1. Best value: 0.509546:  86%|████████▌ | 43/50 [00:16<00:02,  2.56it/s]                                                                                    Best trial: 1. Best value: 0.509546:  86%|████████▌ | 43/50 [00:16<00:02,  2.56it/s]Best trial: 1. Best value: 0.509546:  86%|████████▌ | 43/50 [00:16<00:02,  2.56it/s]Best trial: 1. Best value: 0.509546:  88%|████████▊ | 44/50 [00:16<00:02,  2.42it/s]                                                                                    Best trial: 1. Best value: 0.509546:  88%|████████▊ | 44/50 [00:16<00:02,  2.42it/s]Best trial: 1. Best value: 0.509546:  88%|████████▊ | 44/50 [00:16<00:02,  2.42it/s]Best trial: 1. Best value: 0.509546:  90%|█████████ | 45/50 [00:16<00:02,  2.40it/s]                                                                                    Best trial: 1. Best value: 0.509546:  90%|█████████ | 45/50 [00:17<00:02,  2.40it/s]Best trial: 1. Best value: 0.509546:  90%|█████████ | 45/50 [00:17<00:02,  2.40it/s]Best trial: 1. Best value: 0.509546:  92%|█████████▏| 46/50 [00:17<00:01,  2.14it/s]                                                                                    Best trial: 1. Best value: 0.509546:  92%|█████████▏| 46/50 [00:18<00:01,  2.14it/s]Best trial: 1. Best value: 0.509546:  92%|█████████▏| 46/50 [00:18<00:01,  2.14it/s]Best trial: 1. Best value: 0.509546:  94%|█████████▍| 47/50 [00:18<00:01,  1.86it/s]                                                                                    Best trial: 1. Best value: 0.509546:  94%|█████████▍| 47/50 [00:18<00:01,  1.86it/s]Best trial: 1. Best value: 0.509546:  94%|█████████▍| 47/50 [00:18<00:01,  1.86it/s]Best trial: 1. Best value: 0.509546:  96%|█████████▌| 48/50 [00:18<00:01,  1.90it/s]                                                                                    Best trial: 1. Best value: 0.509546:  96%|█████████▌| 48/50 [00:19<00:01,  1.90it/s]Best trial: 1. Best value: 0.509546:  96%|█████████▌| 48/50 [00:19<00:01,  1.90it/s]Best trial: 1. Best value: 0.509546:  98%|█████████▊| 49/50 [00:19<00:00,  2.01it/s]                                                                                    Best trial: 1. Best value: 0.509546:  98%|█████████▊| 49/50 [00:19<00:00,  2.01it/s]Best trial: 1. Best value: 0.509546:  98%|█████████▊| 49/50 [00:19<00:00,  2.01it/s]Best trial: 1. Best value: 0.509546: 100%|██████████| 50/50 [00:19<00:00,  2.62it/s]Best trial: 1. Best value: 0.509546: 100%|██████████| 50/50 [00:19<00:00,  2.59it/s]
[I 2025-11-27 23:26:53,331] A new study created in memory with name: Bernoulli_NB
[I 2025-11-27 23:26:34,114] Trial 0 finished with value: 0.5094784358825051 and parameters: {'alpha': 0.030769597343481857, 'fit_prior': True}. Best is trial 0 with value: 0.5094784358825051.
[I 2025-11-27 23:26:34,790] Trial 1 finished with value: 0.5095455359031198 and parameters: {'alpha': 0.13903415209388137, 'fit_prior': False}. Best is trial 1 with value: 0.5095455359031198.
[I 2025-11-27 23:26:35,155] Trial 2 finished with value: 0.5095455359031198 and parameters: {'alpha': 0.05299811173054404, 'fit_prior': False}. Best is trial 1 with value: 0.5095455359031198.
[I 2025-11-27 23:26:35,523] Trial 3 finished with value: 0.5094784358825051 and parameters: {'alpha': 0.33913032525242215, 'fit_prior': True}. Best is trial 1 with value: 0.5095455359031198.
[I 2025-11-27 23:26:35,894] Trial 4 finished with value: 0.5095455359031198 and parameters: {'alpha': 0.05459689044732647, 'fit_prior': False}. Best is trial 1 with value: 0.5095455359031198.
[I 2025-11-27 23:26:36,240] Trial 5 finished with value: 0.5094784358825051 and parameters: {'alpha': 1.341248581082272, 'fit_prior': True}. Best is trial 1 with value: 0.5095455359031198.
[I 2025-11-27 23:26:36,593] Trial 6 finished with value: 0.5095455359031198 and parameters: {'alpha': 0.26297383342210456, 'fit_prior': False}. Best is trial 1 with value: 0.5095455359031198.
[I 2025-11-27 23:26:36,980] Trial 7 finished with value: 0.5094784358825051 and parameters: {'alpha': 2.5025265888218056, 'fit_prior': True}. Best is trial 1 with value: 0.5095455359031198.
[I 2025-11-27 23:26:37,360] Trial 8 finished with value: 0.5095455359031198 and parameters: {'alpha': 0.884751961716974, 'fit_prior': False}. Best is trial 1 with value: 0.5095455359031198.
[I 2025-11-27 23:26:37,714] Trial 9 finished with value: 0.5095455359031198 and parameters: {'alpha': 1.3802416002386082, 'fit_prior': False}. Best is trial 1 with value: 0.5095455359031198.
[I 2025-11-27 23:26:38,065] Trial 10 finished with value: 0.5095455359031198 and parameters: {'alpha': 9.397779311068307, 'fit_prior': False}. Best is trial 1 with value: 0.5095455359031198.
[I 2025-11-27 23:26:38,419] Trial 11 finished with value: 0.5095455359031198 and parameters: {'alpha': 0.013627680719626264, 'fit_prior': False}. Best is trial 1 with value: 0.5095455359031198.
[I 2025-11-27 23:26:38,735] Trial 12 finished with value: 0.5095455359031198 and parameters: {'alpha': 0.10591178126495032, 'fit_prior': False}. Best is trial 1 with value: 0.5095455359031198.
[I 2025-11-27 23:26:39,161] Trial 13 finished with value: 0.5095455359031198 and parameters: {'alpha': 0.13780893741689665, 'fit_prior': False}. Best is trial 1 with value: 0.5095455359031198.
[I 2025-11-27 23:26:39,490] Trial 14 finished with value: 0.5095455359031198 and parameters: {'alpha': 0.010330431482431266, 'fit_prior': False}. Best is trial 1 with value: 0.5095455359031198.
[I 2025-11-27 23:26:39,848] Trial 15 finished with value: 0.5095455359031198 and parameters: {'alpha': 0.037057113397221016, 'fit_prior': False}. Best is trial 1 with value: 0.5095455359031198.
[I 2025-11-27 23:26:40,193] Trial 16 finished with value: 0.5095455359031198 and parameters: {'alpha': 0.09270128147743602, 'fit_prior': False}. Best is trial 1 with value: 0.5095455359031198.
[I 2025-11-27 23:26:40,511] Trial 17 finished with value: 0.5095455359031198 and parameters: {'alpha': 0.36657956820976684, 'fit_prior': False}. Best is trial 1 with value: 0.5095455359031198.
[I 2025-11-27 23:26:40,859] Trial 18 finished with value: 0.5094784358825051 and parameters: {'alpha': 0.030976362361119815, 'fit_prior': True}. Best is trial 1 with value: 0.5095455359031198.
[I 2025-11-27 23:26:41,216] Trial 19 finished with value: 0.5095455359031198 and parameters: {'alpha': 0.2055091832672646, 'fit_prior': False}. Best is trial 1 with value: 0.5095455359031198.
[I 2025-11-27 23:26:41,576] Trial 20 finished with value: 0.5095455359031198 and parameters: {'alpha': 0.5574024892702576, 'fit_prior': False}. Best is trial 1 with value: 0.5095455359031198.
[I 2025-11-27 23:26:41,916] Trial 21 finished with value: 0.5095455359031198 and parameters: {'alpha': 0.07405125746191735, 'fit_prior': False}. Best is trial 1 with value: 0.5095455359031198.
[I 2025-11-27 23:26:42,260] Trial 22 finished with value: 0.5095455359031198 and parameters: {'alpha': 0.04893237738490407, 'fit_prior': False}. Best is trial 1 with value: 0.5095455359031198.
