[I 2025-11-27 23:27:03,211] Trial 20 finished with value: 0.6609514144599067 and parameters: {'alpha': 0.6777398257732038, 'binarize': 0.8681575441707341, 'fit_prior': True}. Best is trial 10 with value: 0.6609514144599067.
[I 2025-11-27 23:27:03,657] Trial 21 finished with value: 0.6609514144599067 and parameters: {'alpha': 0.49820489800922874, 'binarize': 0.9930269980049667, 'fit_prior': True}. Best is trial 10 with value: 0.6609514144599067.
[I 2025-11-27 23:27:04,212] Trial 22 finished with value: 0.6609346373438929 and parameters: {'alpha': 0.15413063859530005, 'binarize': 0.9991464645682313, 'fit_prior': True}. Best is trial 10 with value: 0.6609514144599067.
[I 2025-11-27 23:27:05,013] Trial 23 finished with value: 0.6609346373438929 and parameters: {'alpha': 0.3237525338537413, 'binarize': 0.9165381589529877, 'fit_prior': True}. Best is trial 10 with value: 0.6609514144599067.
[I 2025-11-27 23:27:05,518] Trial 24 finished with value: 0.6609178630423593 and parameters: {'alpha': 1.3480610888693827, 'binarize': 0.7248556500024332, 'fit_prior': True}. Best is trial 10 with value: 0.6609514144599067.
[I 2025-11-27 23:27:05,969] Trial 25 finished with value: 0.6609514144599067 and parameters: {'alpha': 0.6613518917595227, 'binarize': 0.8702055822870294, 'fit_prior': True}. Best is trial 10 with value: 0.6609514144599067.
[I 2025-11-27 23:27:06,426] Trial 26 finished with value: 0.6604145242316255 and parameters: {'alpha': 2.0105796501670223, 'binarize': 0.9363385237593524, 'fit_prior': False}. Best is trial 10 with value: 0.6609514144599067.
[I 2025-11-27 23:27:06,898] Trial 27 finished with value: 0.6609346373438929 and parameters: {'alpha': 0.09487486932877234, 'binarize': 0.8051744705731423, 'fit_prior': True}. Best is trial 10 with value: 0.6609514144599067.
[I 2025-11-27 23:27:07,332] Trial 28 finished with value: 0.6609514144599067 and parameters: {'alpha': 0.4776565777032794, 'binarize': 0.21759665696869335, 'fit_prior': True}. Best is trial 10 with value: 0.6609514144599067.
[I 2025-11-27 23:27:07,772] Trial 29 finished with value: 0.6609346373438929 and parameters: {'alpha': 0.22698224351854462, 'binarize': 0.6423869021518632, 'fit_prior': True}. Best is trial 10 with value: 0.6609514144599067.
[I 2025-11-27 23:27:08,250] Trial 30 finished with value: 0.6609178630423593 and parameters: {'alpha': 1.829373062415454, 'binarize': 0.9569102455461638, 'fit_prior': True}. Best is trial 10 with value: 0.6609514144599067.
[I 2025-11-27 23:27:09,097] Trial 31 finished with value: 0.6609514144599067 and parameters: {'alpha': 0.7769391937326887, 'binarize': 0.862089745307223, 'fit_prior': True}. Best is trial 10 with value: 0.6609514144599067.
[I 2025-11-27 23:27:09,557] Trial 32 finished with value: 0.6609514144599067 and parameters: {'alpha': 0.475532828241097, 'binarize': 0.8699197527964413, 'fit_prior': True}. Best is trial 10 with value: 0.6609514144599067.
[I 2025-11-27 23:27:10,121] Trial 33 finished with value: 0.6609514144599067 and parameters: {'alpha': 0.7818529706773238, 'binarize': 0.949902888809307, 'fit_prior': True}. Best is trial 10 with value: 0.6609514144599067.
[I 2025-11-27 23:27:10,639] Trial 34 finished with value: 0.6609178630423593 and parameters: {'alpha': 1.5265479098319954, 'binarize': 0.8806264771027061, 'fit_prior': True}. Best is trial 10 with value: 0.6609514144599067.
[I 2025-11-27 23:27:11,352] Trial 35 finished with value: 0.6604145242316255 and parameters: {'alpha': 0.5775561609553621, 'binarize': 0.8035043413501077, 'fit_prior': False}. Best is trial 10 with value: 0.6609514144599067.
[I 2025-11-27 23:27:11,805] Trial 36 finished with value: 0.6609346373438929 and parameters: {'alpha': 0.07878611865001378, 'binarize': 0.9514925483934195, 'fit_prior': True}. Best is trial 10 with value: 0.6609514144599067.
[I 2025-11-27 23:27:12,394] Trial 37 finished with value: 0.6603977485228517 and parameters: {'alpha': 0.2402310842787104, 'binarize': 0.32060980133177386, 'fit_prior': False}. Best is trial 10 with value: 0.6609514144599067.
[I 2025-11-27 23:27:12,822] Trial 38 finished with value: 0.6609514144599067 and parameters: {'alpha': 0.38747957403082495, 'binarize': 0.07521857968653867, 'fit_prior': True}. Best is trial 10 with value: 0.6609514144599067.
[I 2025-11-27 23:27:13,410] Trial 39 finished with value: 0.660934638751133 and parameters: {'alpha': 2.1805697872568874, 'binarize': 0.7142859568774088, 'fit_prior': True}. Best is trial 10 with value: 0.6609514144599067.
[I 2025-11-27 23:27:13,894] Trial 40 finished with value: 0.6604145242316255 and parameters: {'alpha': 0.9691226410688278, 'binarize': 0.9994298555192813, 'fit_prior': False}. Best is trial 10 with value: 0.6609514144599067.
[I 2025-11-27 23:27:14,527] Trial 41 finished with value: 0.6609514144599067 and parameters: {'alpha': 0.6102705884414856, 'binarize': 0.9689218859913034, 'fit_prior': True}. Best is trial 10 with value: 0.6609514144599067.
[I 2025-11-27 23:27:14,978] Trial 42 finished with value: 0.6609514144599067 and parameters: {'alpha': 0.4293606448906803, 'binarize': 0.9113407734780271, 'fit_prior': True}. Best is trial 10 with value: 0.6609514144599067.
[I 2025-11-27 23:27:15,550] Trial 43 finished with value: 0.6609346373438929 and parameters: {'alpha': 0.2126931400404589, 'binarize': 0.8273293087682728, 'fit_prior': True}. Best is trial 10 with value: 0.6609514144599067.
[I 2025-11-27 23:27:15,997] Trial 44 finished with value: 0.6609178630423593 and parameters: {'alpha': 1.216236888065336, 'binarize': 0.9987311806957968, 'fit_prior': True}. Best is trial 10 with value: 0.6609514144599067.
[I 2025-11-27 23:27:16,569] Trial 45 finished with value: 0.6609514144599067 and parameters: {'alpha': 0.7910595032150848, 'binarize': 0.7666113943703914, 'fit_prior': True}. Best is trial 10 with value: 0.6609514144599067.
[I 2025-11-27 23:27:17,233] Trial 46 finished with value: 0.660934638751133 and parameters: {'alpha': 2.8902017421679433, 'binarize': 0.9130974869189239, 'fit_prior': True}. Best is trial 10 with value: 0.6609514144599067.
[I 2025-11-27 23:27:17,685] Trial 47 finished with value: 0.6609514144599067 and parameters: {'alpha': 0.34840623679409194, 'binarize': 0.44215626626402116, 'fit_prior': True}. Best is trial 10 with value: 0.6609514144599067.
[I 2025-11-27 23:27:18,296] Trial 48 finished with value: 0.6604145228243854 and parameters: {'alpha': 4.983221183450797, 'binarize': 0.8456797354414978, 'fit_prior': False}. Best is trial 10 with value: 0.6609514144599067.
[I 2025-11-27 23:27:18,762] Trial 49 finished with value: 0.6609514144599067 and parameters: {'alpha': 0.5326429187098312, 'binarize': 0.9557845770005403, 'fit_prior': True}. Best is trial 10 with value: 0.6609514144599067.
Best BNB Accuracy: 0.6610
Best BNB Params: {'alpha': 0.5858743514913339, 'binarize': 0.995416213707797, 'fit_prior': True}

[4/8] Training best models with optimized hyperparameters...
Best models trained successfully!

[5/8] Evaluating models...

Gaussian NB (Optimized):
  Accuracy:  0.7074
  Precision: 0.7470
  Recall:    0.6687
  F1 Score:  0.7057
  ROC AUC:   0.7849

Multinomial NB (Optimized):
  Accuracy:  0.5091
  Precision: 0.5336
  Recall:    0.5087
  F1 Score:  0.5209
  ROC AUC:   0.5139

Bernoulli NB (Optimized):
  Accuracy:  0.6611
  Precision: 0.6604
  Recall:    0.7285
  F1 Score:  0.6927
  ROC AUC:   0.7202

============================================================
MODEL COMPARISON:
============================================================
                            accuracy precision    recall        f1   roc_auc
Gaussian NB (Optimized)     0.707439  0.747007   0.66866  0.705666  0.784891
Multinomial NB (Optimized)  0.509143   0.53364  0.508668  0.520855  0.513869
Bernoulli NB (Optimized)    0.661069  0.660355  0.728474  0.692744  0.720221

Metrics saved to 'model_evaluation_metrics.csv'

[6/8] Creating visualizations...
Visualizations saved!

[7/8] Generating predictions...

Best Model: Gaussian NB (Optimized)
F1 Score: 0.7057

Prediction distribution:
Left      7914
Stayed    6986
Name: count, dtype: int64

Submission files created:
  - bayesian_submission.csv
  - bayesian_submission_with_proba.csv

[8/8] Creating summary report...

============================================================
BAYESIAN MODEL TRAINING SUMMARY
============================================================

Dataset Information:
- Training samples: 59608
- Test samples: 14900
- Number of features: 22
- Target classes: ['Left' 'Stayed']

Models Evaluated:
1. Gaussian Naive Bayes (Optimized)
2. Multinomial Naive Bayes (Optimized)
3. Bernoulli Naive Bayes (Optimized)

Best Model: Gaussian NB (Optimized)

Best Model Performance:
- Accuracy:  0.7074
- Precision: 0.7470
- Recall:    0.6687
- F1 Score:  0.7057
- ROC AUC:   0.7849

Optimized Hyperparameters:
- Gaussian NB:     {'var_smoothing': 3.074134311470462e-06}
- Multinomial NB:  {'alpha': 0.13903415209388137, 'fit_prior': False}
- Bernoulli NB:    {'alpha': 0.5858743514913339, 'binarize': 0.995416213707797, 'fit_prior': True}

Output Files:
- bayesian_submission.csv
- bayesian_submission_with_proba.csv
- model_evaluation_metrics.csv
- model_metrics_comparison.png
- confusion_matrices.png
- roc_curves.png

============================================================
TRAINING COMPLETED SUCCESSFULLY!
============================================================


Summary saved to 'bayesian_model_summary.txt'

============================================================
ALL TASKS COMPLETED!
============================================================
