[I 2025-11-27 23:26:42,567] Trial 23 finished with value: 0.5095455359031198 and parameters: {'alpha': 0.02018195649963228, 'fit_prior': False}. Best is trial 1 with value: 0.5095455359031198.
[I 2025-11-27 23:26:42,924] Trial 24 finished with value: 0.5095455359031198 and parameters: {'alpha': 0.06024921218478089, 'fit_prior': False}. Best is trial 1 with value: 0.5095455359031198.
[I 2025-11-27 23:26:43,414] Trial 25 finished with value: 0.5095455359031198 and parameters: {'alpha': 0.16096866967828882, 'fit_prior': False}. Best is trial 1 with value: 0.5095455359031198.
[I 2025-11-27 23:26:43,859] Trial 26 finished with value: 0.5094784358825051 and parameters: {'alpha': 0.02248951852595165, 'fit_prior': True}. Best is trial 1 with value: 0.5095455359031198.
[I 2025-11-27 23:26:44,326] Trial 27 finished with value: 0.5095455359031198 and parameters: {'alpha': 0.05818168832969142, 'fit_prior': False}. Best is trial 1 with value: 0.5095455359031198.
[I 2025-11-27 23:26:44,719] Trial 28 finished with value: 0.5095455359031198 and parameters: {'alpha': 0.13486409336771027, 'fit_prior': False}. Best is trial 1 with value: 0.5095455359031198.
[I 2025-11-27 23:26:45,068] Trial 29 finished with value: 0.5094784358825051 and parameters: {'alpha': 0.02001167092468643, 'fit_prior': True}. Best is trial 1 with value: 0.5095455359031198.
[I 2025-11-27 23:26:45,419] Trial 30 finished with value: 0.5095455359031198 and parameters: {'alpha': 0.038769657829968565, 'fit_prior': False}. Best is trial 1 with value: 0.5095455359031198.
[I 2025-11-27 23:26:45,749] Trial 31 finished with value: 0.5095455359031198 and parameters: {'alpha': 0.22612823491261747, 'fit_prior': False}. Best is trial 1 with value: 0.5095455359031198.
[I 2025-11-27 23:26:46,113] Trial 32 finished with value: 0.5095455359031198 and parameters: {'alpha': 0.23085739540142858, 'fit_prior': False}. Best is trial 1 with value: 0.5095455359031198.
[I 2025-11-27 23:26:46,542] Trial 33 finished with value: 0.5095455359031198 and parameters: {'alpha': 0.3076432235540152, 'fit_prior': False}. Best is trial 1 with value: 0.5095455359031198.
[I 2025-11-27 23:26:46,928] Trial 34 finished with value: 0.5094784358825051 and parameters: {'alpha': 0.4635458157569193, 'fit_prior': True}. Best is trial 1 with value: 0.5095455359031198.
[I 2025-11-27 23:26:47,449] Trial 35 finished with value: 0.5095455359031198 and parameters: {'alpha': 0.08670317209236982, 'fit_prior': False}. Best is trial 1 with value: 0.5095455359031198.
[I 2025-11-27 23:26:47,788] Trial 36 finished with value: 0.5094784358825051 and parameters: {'alpha': 0.5518356137879321, 'fit_prior': True}. Best is trial 1 with value: 0.5095455359031198.
[I 2025-11-27 23:26:48,150] Trial 37 finished with value: 0.5095455359031198 and parameters: {'alpha': 0.9583803279564458, 'fit_prior': False}. Best is trial 1 with value: 0.5095455359031198.
[I 2025-11-27 23:26:48,580] Trial 38 finished with value: 0.5095455359031198 and parameters: {'alpha': 0.11604121911641492, 'fit_prior': False}. Best is trial 1 with value: 0.5095455359031198.
[I 2025-11-27 23:26:48,967] Trial 39 finished with value: 0.5095455359031198 and parameters: {'alpha': 2.931215682314407, 'fit_prior': False}. Best is trial 1 with value: 0.5095455359031198.
[I 2025-11-27 23:26:49,280] Trial 40 finished with value: 0.5094784358825051 and parameters: {'alpha': 0.04849224995801024, 'fit_prior': True}. Best is trial 1 with value: 0.5095455359031198.
[I 2025-11-27 23:26:49,733] Trial 41 finished with value: 0.5095455359031198 and parameters: {'alpha': 1.4792717385324625, 'fit_prior': False}. Best is trial 1 with value: 0.5095455359031198.
[I 2025-11-27 23:26:50,111] Trial 42 finished with value: 0.5095455359031198 and parameters: {'alpha': 0.9814539005848979, 'fit_prior': False}. Best is trial 1 with value: 0.5095455359031198.
[I 2025-11-27 23:26:50,580] Trial 43 finished with value: 0.5095455359031198 and parameters: {'alpha': 4.765578395925221, 'fit_prior': False}. Best is trial 1 with value: 0.5095455359031198.
[I 2025-11-27 23:26:51,004] Trial 44 finished with value: 0.5095455359031198 and parameters: {'alpha': 0.7608115447304569, 'fit_prior': False}. Best is trial 1 with value: 0.5095455359031198.
[I 2025-11-27 23:26:51,585] Trial 45 finished with value: 0.5095455359031198 and parameters: {'alpha': 0.29618379987081406, 'fit_prior': False}. Best is trial 1 with value: 0.5095455359031198.
[I 2025-11-27 23:26:52,277] Trial 46 finished with value: 0.5095455359031198 and parameters: {'alpha': 0.16782619370201549, 'fit_prior': False}. Best is trial 1 with value: 0.5095455359031198.
[I 2025-11-27 23:26:52,789] Trial 47 finished with value: 0.5095455359031198 and parameters: {'alpha': 0.07919707560665439, 'fit_prior': False}. Best is trial 1 with value: 0.5095455359031198.
[I 2025-11-27 23:26:53,218] Trial 48 finished with value: 0.5095455359031198 and parameters: {'alpha': 0.3812411457621312, 'fit_prior': False}. Best is trial 1 with value: 0.5095455359031198.
