[I 2025-11-27 23:26:30,566] Trial 22 finished with value: 0.7074887461956848 and parameters: {'var_smoothing': 1.993868449167583e-08}. Best is trial 0 with value: 0.7074887461956848.
[I 2025-11-27 23:26:30,706] Trial 23 finished with value: 0.7074887461956848 and parameters: {'var_smoothing': 1.5690808054125947e-11}. Best is trial 0 with value: 0.7074887461956848.
[I 2025-11-27 23:26:30,831] Trial 24 finished with value: 0.7074887461956848 and parameters: {'var_smoothing': 2.616518567501183e-06}. Best is trial 0 with value: 0.7074887461956848.
[I 2025-11-27 23:26:30,967] Trial 25 finished with value: 0.7074887461956848 and parameters: {'var_smoothing': 1.5067213841333548e-09}. Best is trial 0 with value: 0.7074887461956848.
[I 2025-11-27 23:26:31,090] Trial 26 finished with value: 0.7074887461956848 and parameters: {'var_smoothing': 3.39316240238862e-08}. Best is trial 0 with value: 0.7074887461956848.
[I 2025-11-27 23:26:31,213] Trial 27 finished with value: 0.7074887461956848 and parameters: {'var_smoothing': 5.309168257308282e-07}. Best is trial 0 with value: 0.7074887461956848.
[I 2025-11-27 23:26:31,338] Trial 28 finished with value: 0.7074887461956848 and parameters: {'var_smoothing': 4.721772927137882e-06}. Best is trial 0 with value: 0.7074887461956848.
[I 2025-11-27 23:26:31,446] Trial 29 finished with value: 0.7074887461956848 and parameters: {'var_smoothing': 5.896636032339691e-09}. Best is trial 0 with value: 0.7074887461956848.
[I 2025-11-27 23:26:31,577] Trial 30 finished with value: 0.7074887461956848 and parameters: {'var_smoothing': 1.370916482495437e-06}. Best is trial 0 with value: 0.7074887461956848.
[I 2025-11-27 23:26:31,703] Trial 31 finished with value: 0.7074887461956848 and parameters: {'var_smoothing': 8.52406534765524e-09}. Best is trial 0 with value: 0.7074887461956848.
[I 2025-11-27 23:26:31,824] Trial 32 finished with value: 0.7074887461956848 and parameters: {'var_smoothing': 3.065906285908822e-10}. Best is trial 0 with value: 0.7074887461956848.
[I 2025-11-27 23:26:31,997] Trial 33 finished with value: 0.7074887461956848 and parameters: {'var_smoothing': 1.0942465137896223e-07}. Best is trial 0 with value: 0.7074887461956848.
[I 2025-11-27 23:26:32,129] Trial 34 finished with value: 0.7074887461956848 and parameters: {'var_smoothing': 1.2567588788111304e-09}. Best is trial 0 with value: 0.7074887461956848.
[I 2025-11-27 23:26:32,266] Trial 35 finished with value: 0.7074887461956848 and parameters: {'var_smoothing': 1.6120640449271067e-12}. Best is trial 0 with value: 0.7074887461956848.
[I 2025-11-27 23:26:32,394] Trial 36 finished with value: 0.7074887461956848 and parameters: {'var_smoothing': 9.025126736399389e-11}. Best is trial 0 with value: 0.7074887461956848.
[I 2025-11-27 23:26:32,526] Trial 37 finished with value: 0.7074887461956848 and parameters: {'var_smoothing': 1.1890598972215388e-11}. Best is trial 0 with value: 0.7074887461956848.
[I 2025-11-27 23:26:32,644] Trial 38 finished with value: 0.7074887461956848 and parameters: {'var_smoothing': 4.91795780945184e-08}. Best is trial 0 with value: 0.7074887461956848.
[I 2025-11-27 23:26:32,758] Trial 39 finished with value: 0.7074887461956848 and parameters: {'var_smoothing': 4.0099504558880185e-07}. Best is trial 0 with value: 0.7074887461956848.
[I 2025-11-27 23:26:32,873] Trial 40 finished with value: 0.7074887461956848 and parameters: {'var_smoothing': 6.208985992707304e-10}. Best is trial 0 with value: 0.7074887461956848.
[I 2025-11-27 23:26:32,983] Trial 41 finished with value: 0.7074887461956848 and parameters: {'var_smoothing': 1.3622716209706e-08}. Best is trial 0 with value: 0.7074887461956848.
[I 2025-11-27 23:26:33,139] Trial 42 finished with value: 0.7074887461956848 and parameters: {'var_smoothing': 2.547938039774826e-09}. Best is trial 0 with value: 0.7074887461956848.
[I 2025-11-27 23:26:33,284] Trial 43 finished with value: 0.7074887461956848 and parameters: {'var_smoothing': 1.2106298898776333e-06}. Best is trial 0 with value: 0.7074887461956848.
[I 2025-11-27 23:26:33,411] Trial 44 finished with value: 0.7074887461956848 and parameters: {'var_smoothing': 1.9746110088303104e-07}. Best is trial 0 with value: 0.7074887461956848.
[I 2025-11-27 23:26:33,534] Trial 45 finished with value: 0.7074887461956848 and parameters: {'var_smoothing': 3.960808496577215e-06}. Best is trial 0 with value: 0.7074887461956848.
[I 2025-11-27 23:26:33,671] Trial 46 finished with value: 0.7074887461956848 and parameters: {'var_smoothing': 7.893386920784316e-08}. Best is trial 0 with value: 0.7074887461956848.
[I 2025-11-27 23:26:33,789] Trial 47 finished with value: 0.7074887461956848 and parameters: {'var_smoothing': 8.607978479826188e-06}. Best is trial 0 with value: 0.7074887461956848.
[I 2025-11-27 23:26:33,903] Trial 48 finished with value: 0.7074887461956848 and parameters: {'var_smoothing': 3.295118792538261e-08}. Best is trial 0 with value: 0.7074887461956848.
