[I 2025-11-27 23:26:27,705] A new study created in memory with name: Gaussian_NB
============================================================
BAYESIAN MODEL TRAINING WITH HYPERPARAMETER OPTIMIZATION
============================================================

[1/8] Loading and preprocessing data...
Training data shape: (59608, 23)
Test data shape: (14900, 22)
Target classes: ['Left' 'Stayed']
Categorical columns: 15
Numerical columns: 7
Data preprocessing completed!

[2/8] Training baseline models...
Gaussian NB          - CV Accuracy: 0.7075 (+/- 0.0054)
Multinomial NB       - CV Accuracy: 0.5095 (+/- 0.0061)
Bernoulli NB         - CV Accuracy: 0.6609 (+/- 0.0068)

[3/8] Optimizing hyperparameters with Optuna...

Optimizing Gaussian Naive Bayes...
  0%|          | 0/50 [00:00<?, ?it/s]                                        0%|          | 0/50 [00:00<?, ?it/s]Best trial: 0. Best value: 0.707489:   0%|          | 0/50 [00:00<?, ?it/s]Best trial: 0. Best value: 0.707489:   2%|▏         | 1/50 [00:00<00:08,  6.08it/s]                                                                                   Best trial: 0. Best value: 0.707489:   2%|▏         | 1/50 [00:00<00:08,  6.08it/s]Best trial: 0. Best value: 0.707489:   2%|▏         | 1/50 [00:00<00:08,  6.08it/s]Best trial: 0. Best value: 0.707489:   4%|▍         | 2/50 [00:00<00:06,  7.43it/s]                                                                                   Best trial: 0. Best value: 0.707489:   4%|▍         | 2/50 [00:00<00:06,  7.43it/s]Best trial: 0. Best value: 0.707489:   4%|▍         | 2/50 [00:00<00:06,  7.43it/s]Best trial: 0. Best value: 0.707489:   6%|▌         | 3/50 [00:00<00:05,  8.06it/s]                                                                                   Best trial: 0. Best value: 0.707489:   6%|▌         | 3/50 [00:00<00:05,  8.06it/s]Best trial: 0. Best value: 0.707489:   6%|▌         | 3/50 [00:00<00:05,  8.06it/s]Best trial: 0. Best value: 0.707489:   8%|▊         | 4/50 [00:00<00:05,  8.33it/s]                                                                                   Best trial: 0. Best value: 0.707489:   8%|▊         | 4/50 [00:00<00:05,  8.33it/s]Best trial: 0. Best value: 0.707489:   8%|▊         | 4/50 [00:00<00:05,  8.33it/s]Best trial: 0. Best value: 0.707489:  10%|█         | 5/50 [00:00<00:05,  8.70it/s]                                                                                   Best trial: 0. Best value: 0.707489:  10%|█         | 5/50 [00:00<00:05,  8.70it/s]Best trial: 0. Best value: 0.707489:  10%|█         | 5/50 [00:00<00:05,  8.70it/s]Best trial: 0. Best value: 0.707489:  12%|█▏        | 6/50 [00:00<00:06,  6.89it/s]                                                                                   Best trial: 0. Best value: 0.707489:  12%|█▏        | 6/50 [00:00<00:06,  6.89it/s]Best trial: 0. Best value: 0.707489:  12%|█▏        | 6/50 [00:00<00:06,  6.89it/s]Best trial: 0. Best value: 0.707489:  14%|█▍        | 7/50 [00:00<00:05,  7.54it/s]                                                                                   Best trial: 0. Best value: 0.707489:  14%|█▍        | 7/50 [00:01<00:05,  7.54it/s]Best trial: 0. Best value: 0.707489:  14%|█▍        | 7/50 [00:01<00:05,  7.54it/s]Best trial: 0. Best value: 0.707489:  16%|█▌        | 8/50 [00:01<00:05,  7.54it/s]                                                                                   Best trial: 0. Best value: 0.707489:  16%|█▌        | 8/50 [00:01<00:05,  7.54it/s]Best trial: 0. Best value: 0.707489:  16%|█▌        | 8/50 [00:01<00:05,  7.54it/s]Best trial: 0. Best value: 0.707489:  18%|█▊        | 9/50 [00:01<00:05,  8.03it/s]                                                                                   Best trial: 0. Best value: 0.707489:  18%|█▊        | 9/50 [00:01<00:05,  8.03it/s]Best trial: 0. Best value: 0.707489:  18%|█▊        | 9/50 [00:01<00:05,  8.03it/s]Best trial: 0. Best value: 0.707489:  20%|██        | 10/50 [00:01<00:04,  8.39it/s]                                                                                    Best trial: 0. Best value: 0.707489:  20%|██        | 10/50 [00:01<00:04,  8.39it/s]Best trial: 0. Best value: 0.707489:  20%|██        | 10/50 [00:01<00:04,  8.39it/s]Best trial: 0. Best value: 0.707489:  22%|██▏       | 11/50 [00:01<00:04,  8.41it/s]                                                                                    Best trial: 0. Best value: 0.707489:  22%|██▏       | 11/50 [00:01<00:04,  8.41it/s]Best trial: 0. Best value: 0.707489:  22%|██▏       | 11/50 [00:01<00:04,  8.41it/s]Best trial: 0. Best value: 0.707489:  24%|██▍       | 12/50 [00:01<00:04,  8.66it/s]                                                                                    Best trial: 0. Best value: 0.707489:  24%|██▍       | 12/50 [00:01<00:04,  8.66it/s]Best trial: 0. Best value: 0.707489:  24%|██▍       | 12/50 [00:01<00:04,  8.66it/s]Best trial: 0. Best value: 0.707489:  26%|██▌       | 13/50 [00:01<00:04,  8.59it/s]                                                                                    Best trial: 0. Best value: 0.707489:  26%|██▌       | 13/50 [00:01<00:04,  8.59it/s]Best trial: 0. Best value: 0.707489:  26%|██▌       | 13/50 [00:01<00:04,  8.59it/s]Best trial: 0. Best value: 0.707489:  28%|██▊       | 14/50 [00:01<00:04,  8.63it/s]                                                                                    Best trial: 0. Best value: 0.707489:  28%|██▊       | 14/50 [00:01<00:04,  8.63it/s]Best trial: 0. Best value: 0.707489:  28%|██▊       | 14/50 [00:01<00:04,  8.63it/s]Best trial: 0. Best value: 0.707489:  30%|███       | 15/50 [00:01<00:03,  8.81it/s]                                                                                    Best trial: 0. Best value: 0.707489:  30%|███       | 15/50 [00:01<00:03,  8.81it/s]Best trial: 0. Best value: 0.707489:  30%|███       | 15/50 [00:01<00:03,  8.81it/s]Best trial: 0. Best value: 0.707489:  32%|███▏      | 16/50 [00:01<00:03,  8.75it/s]                                                                                    Best trial: 0. Best value: 0.707489:  32%|███▏      | 16/50 [00:02<00:03,  8.75it/s]Best trial: 0. Best value: 0.707489:  32%|███▏      | 16/50 [00:02<00:03,  8.75it/s]Best trial: 0. Best value: 0.707489:  34%|███▍      | 17/50 [00:02<00:03,  8.86it/s]                                                                                    Best trial: 0. Best value: 0.707489:  34%|███▍      | 17/50 [00:02<00:03,  8.86it/s]Best trial: 0. Best value: 0.707489:  34%|███▍      | 17/50 [00:02<00:03,  8.86it/s]Best trial: 0. Best value: 0.707489:  36%|███▌      | 18/50 [00:02<00:03,  9.01it/s]                                                                                    Best trial: 0. Best value: 0.707489:  36%|███▌      | 18/50 [00:02<00:03,  9.01it/s]Best trial: 0. Best value: 0.707489:  36%|███▌      | 18/50 [00:02<00:03,  9.01it/s]Best trial: 0. Best value: 0.707489:  38%|███▊      | 19/50 [00:02<00:03,  8.85it/s]                                                                                    Best trial: 0. Best value: 0.707489:  38%|███▊      | 19/50 [00:02<00:03,  8.85it/s]Best trial: 0. Best value: 0.707489:  38%|███▊      | 19/50 [00:02<00:03,  8.85it/s]Best trial: 0. Best value: 0.707489:  40%|████      | 20/50 [00:02<00:03,  9.04it/s]                                                                                    Best trial: 0. Best value: 0.707489:  40%|████      | 20/50 [00:02<00:03,  9.04it/s]Best trial: 0. Best value: 0.707489:  40%|████      | 20/50 [00:02<00:03,  9.04it/s]Best trial: 0. Best value: 0.707489:  42%|████▏     | 21/50 [00:02<00:03,  9.03it/s]                                                                                    Best trial: 0. Best value: 0.707489:  42%|████▏     | 21/50 [00:02<00:03,  9.03it/s]Best trial: 0. Best value: 0.707489:  42%|████▏     | 21/50 [00:02<00:03,  9.03it/s]Best trial: 0. Best value: 0.707489:  44%|████▍     | 22/50 [00:02<00:03,  7.77it/s]                                                                                    Best trial: 0. Best value: 0.707489:  44%|████▍     | 22/50 [00:02<00:03,  7.77it/s]Best trial: 0. Best value: 0.707489:  44%|████▍     | 22/50 [00:02<00:03,  7.77it/s]Best trial: 0. Best value: 0.707489:  46%|████▌     | 23/50 [00:02<00:03,  7.62it/s]                                                                                    Best trial: 0. Best value: 0.707489:  46%|████▌     | 23/50 [00:02<00:03,  7.62it/s]Best trial: 0. Best value: 0.707489:  46%|████▌     | 23/50 [00:02<00:03,  7.62it/s]Best trial: 0. Best value: 0.707489:  48%|████▊     | 24/50 [00:02<00:03,  7.47it/s]                                                                                    Best trial: 0. Best value: 0.707489:  48%|████▊     | 24/50 [00:03<00:03,  7.47it/s]Best trial: 0. Best value: 0.707489:  48%|████▊     | 24/50 [00:03<00:03,  7.47it/s]Best trial: 0. Best value: 0.707489:  50%|█████     | 25/50 [00:03<00:03,  7.62it/s]                                                                                    Best trial: 0. Best value: 0.707489:  50%|█████     | 25/50 [00:03<00:03,  7.62it/s]Best trial: 0. Best value: 0.707489:  50%|█████     | 25/50 [00:03<00:03,  7.62it/s]Best trial: 0. Best value: 0.707489:  52%|█████▏    | 26/50 [00:03<00:03,  7.53it/s]                                                                                    Best trial: 0. Best value: 0.707489:  52%|█████▏    | 26/50 [00:03<00:03,  7.53it/s]Best trial: 0. Best value: 0.707489:  52%|█████▏    | 26/50 [00:03<00:03,  7.53it/s]Best trial: 0. Best value: 0.707489:  54%|█████▍    | 27/50 [00:03<00:02,  7.71it/s]                                                                                    Best trial: 0. Best value: 0.707489:  54%|█████▍    | 27/50 [00:03<00:02,  7.71it/s]Best trial: 0. Best value: 0.707489:  54%|█████▍    | 27/50 [00:03<00:02,  7.71it/s]Best trial: 0. Best value: 0.707489:  56%|█████▌    | 28/50 [00:03<00:02,  7.83it/s]                                                                                    Best trial: 0. Best value: 0.707489:  56%|█████▌    | 28/50 [00:03<00:02,  7.83it/s]Best trial: 0. Best value: 0.707489:  56%|█████▌    | 28/50 [00:03<00:02,  7.83it/s]Best trial: 0. Best value: 0.707489:  58%|█████▊    | 29/50 [00:03<00:02,  7.89it/s]                                                                                    Best trial: 0. Best value: 0.707489:  58%|█████▊    | 29/50 [00:03<00:02,  7.89it/s]Best trial: 0. Best value: 0.707489:  58%|█████▊    | 29/50 [00:03<00:02,  7.89it/s]Best trial: 0. Best value: 0.707489:  60%|██████    | 30/50 [00:03<00:02,  8.25it/s]                                                                                    Best trial: 0. Best value: 0.707489:  60%|██████    | 30/50 [00:03<00:02,  8.25it/s]Best trial: 0. Best value: 0.707489:  60%|██████    | 30/50 [00:03<00:02,  8.25it/s]Best trial: 0. Best value: 0.707489:  62%|██████▏   | 31/50 [00:03<00:02,  8.05it/s]                                                                                    Best trial: 0. Best value: 0.707489:  62%|██████▏   | 31/50 [00:03<00:02,  8.05it/s]Best trial: 0. Best value: 0.707489:  62%|██████▏   | 31/50 [00:03<00:02,  8.05it/s]Best trial: 0. Best value: 0.707489:  64%|██████▍   | 32/50 [00:03<00:02,  8.02it/s]                                                                                    Best trial: 0. Best value: 0.707489:  64%|██████▍   | 32/50 [00:04<00:02,  8.02it/s]Best trial: 0. Best value: 0.707489:  64%|██████▍   | 32/50 [00:04<00:02,  8.02it/s]Best trial: 0. Best value: 0.707489:  66%|██████▌   | 33/50 [00:04<00:02,  8.09it/s]                                                                                    Best trial: 0. Best value: 0.707489:  66%|██████▌   | 33/50 [00:04<00:02,  8.09it/s]Best trial: 0. Best value: 0.707489:  66%|██████▌   | 33/50 [00:04<00:02,  8.09it/s]Best trial: 0. Best value: 0.707489:  68%|██████▊   | 34/50 [00:04<00:02,  7.22it/s]                                                                                    Best trial: 0. Best value: 0.707489:  68%|██████▊   | 34/50 [00:04<00:02,  7.22it/s]Best trial: 0. Best value: 0.707489:  68%|██████▊   | 34/50 [00:04<00:02,  7.22it/s]Best trial: 0. Best value: 0.707489:  70%|███████   | 35/50 [00:04<00:02,  7.33it/s]                                                                                    Best trial: 0. Best value: 0.707489:  70%|███████   | 35/50 [00:04<00:02,  7.33it/s]Best trial: 0. Best value: 0.707489:  70%|███████   | 35/50 [00:04<00:02,  7.33it/s]Best trial: 0. Best value: 0.707489:  72%|███████▏  | 36/50 [00:04<00:01,  7.32it/s]                                                                                    Best trial: 0. Best value: 0.707489:  72%|███████▏  | 36/50 [00:04<00:01,  7.32it/s]Best trial: 0. Best value: 0.707489:  72%|███████▏  | 36/50 [00:04<00:01,  7.32it/s]Best trial: 0. Best value: 0.707489:  74%|███████▍  | 37/50 [00:04<00:01,  7.45it/s]                                                                                    Best trial: 0. Best value: 0.707489:  74%|███████▍  | 37/50 [00:04<00:01,  7.45it/s]Best trial: 0. Best value: 0.707489:  74%|███████▍  | 37/50 [00:04<00:01,  7.45it/s]Best trial: 0. Best value: 0.707489:  76%|███████▌  | 38/50 [00:04<00:01,  7.50it/s]                                                                                    Best trial: 0. Best value: 0.707489:  76%|███████▌  | 38/50 [00:04<00:01,  7.50it/s]Best trial: 0. Best value: 0.707489:  76%|███████▌  | 38/50 [00:04<00:01,  7.50it/s]Best trial: 0. Best value: 0.707489:  78%|███████▊  | 39/50 [00:04<00:01,  7.76it/s]                                                                                    Best trial: 0. Best value: 0.707489:  78%|███████▊  | 39/50 [00:04<00:01,  7.76it/s]Best trial: 0. Best value: 0.707489:  78%|███████▊  | 39/50 [00:05<00:01,  7.76it/s]Best trial: 0. Best value: 0.707489:  80%|████████  | 40/50 [00:05<00:01,  8.03it/s]                                                                                    Best trial: 0. Best value: 0.707489:  80%|████████  | 40/50 [00:05<00:01,  8.03it/s]Best trial: 0. Best value: 0.707489:  80%|████████  | 40/50 [00:05<00:01,  8.03it/s]Best trial: 0. Best value: 0.707489:  82%|████████▏ | 41/50 [00:05<00:01,  8.23it/s]                                                                                    Best trial: 0. Best value: 0.707489:  82%|████████▏ | 41/50 [00:05<00:01,  8.23it/s]Best trial: 0. Best value: 0.707489:  82%|████████▏ | 41/50 [00:05<00:01,  8.23it/s]Best trial: 0. Best value: 0.707489:  84%|████████▍ | 42/50 [00:05<00:00,  8.46it/s]                                                                                    Best trial: 0. Best value: 0.707489:  84%|████████▍ | 42/50 [00:05<00:00,  8.46it/s]Best trial: 0. Best value: 0.707489:  84%|████████▍ | 42/50 [00:05<00:00,  8.46it/s]Best trial: 0. Best value: 0.707489:  86%|████████▌ | 43/50 [00:05<00:00,  7.65it/s]                                                                                    Best trial: 0. Best value: 0.707489:  86%|████████▌ | 43/50 [00:05<00:00,  7.65it/s]Best trial: 0. Best value: 0.707489:  86%|████████▌ | 43/50 [00:05<00:00,  7.65it/s]Best trial: 0. Best value: 0.707489:  88%|████████▊ | 44/50 [00:05<00:00,  7.49it/s]                                                                                    Best trial: 0. Best value: 0.707489:  88%|████████▊ | 44/50 [00:05<00:00,  7.49it/s]Best trial: 0. Best value: 0.707489:  88%|████████▊ | 44/50 [00:05<00:00,  7.49it/s]Best trial: 0. Best value: 0.707489:  90%|█████████ | 45/50 [00:05<00:00,  7.59it/s]                                                                                    Best trial: 0. Best value: 0.707489:  90%|█████████ | 45/50 [00:05<00:00,  7.59it/s]Best trial: 0. Best value: 0.707489:  90%|█████████ | 45/50 [00:05<00:00,  7.59it/s]Best trial: 0. Best value: 0.707489:  92%|█████████▏| 46/50 [00:05<00:00,  7.75it/s]                                                                                    Best trial: 0. Best value: 0.707489:  92%|█████████▏| 46/50 [00:05<00:00,  7.75it/s]Best trial: 0. Best value: 0.707489:  92%|█████████▏| 46/50 [00:05<00:00,  7.75it/s]Best trial: 0. Best value: 0.707489:  94%|█████████▍| 47/50 [00:05<00:00,  7.62it/s]                                                                                    Best trial: 0. Best value: 0.707489:  94%|█████████▍| 47/50 [00:06<00:00,  7.62it/s]Best trial: 0. Best value: 0.707489:  94%|█████████▍| 47/50 [00:06<00:00,  7.62it/s]Best trial: 0. Best value: 0.707489:  96%|█████████▌| 48/50 [00:06<00:00,  7.85it/s]                                                                                    Best trial: 0. Best value: 0.707489:  96%|█████████▌| 48/50 [00:06<00:00,  7.85it/s]Best trial: 0. Best value: 0.707489:  96%|█████████▌| 48/50 [00:06<00:00,  7.85it/s]Best trial: 0. Best value: 0.707489:  98%|█████████▊| 49/50 [00:06<00:00,  8.11it/s]                                                                                    Best trial: 0. Best value: 0.707489:  98%|█████████▊| 49/50 [00:06<00:00,  8.11it/s]Best trial: 0. Best value: 0.707489:  98%|█████████▊| 49/50 [00:06<00:00,  8.11it/s]Best trial: 0. Best value: 0.707489: 100%|██████████| 50/50 [00:06<00:00,  8.41it/s]Best trial: 0. Best value: 0.707489: 100%|██████████| 50/50 [00:06<00:00,  8.00it/s]
[I 2025-11-27 23:26:34,012] A new study created in memory with name: Multinomial_NB
[I 2025-11-27 23:26:27,922] Trial 0 finished with value: 0.7074887461956848 and parameters: {'var_smoothing': 3.074134311470462e-06}. Best is trial 0 with value: 0.7074887461956848.
[I 2025-11-27 23:26:28,036] Trial 1 finished with value: 0.7074887461956848 and parameters: {'var_smoothing': 2.04013265226904e-06}. Best is trial 0 with value: 0.7074887461956848.
[I 2025-11-27 23:26:28,148] Trial 2 finished with value: 0.7074887461956848 and parameters: {'var_smoothing': 7.80788456879671e-09}. Best is trial 0 with value: 0.7074887461956848.
[I 2025-11-27 23:26:28,262] Trial 3 finished with value: 0.7074887461956848 and parameters: {'var_smoothing': 8.444825993208623e-09}. Best is trial 0 with value: 0.7074887461956848.
[I 2025-11-27 23:26:28,368] Trial 4 finished with value: 0.7074887461956848 and parameters: {'var_smoothing': 6.883978413051738e-08}. Best is trial 0 with value: 0.7074887461956848.
[I 2025-11-27 23:26:28,571] Trial 5 finished with value: 0.7074887461956848 and parameters: {'var_smoothing': 4.045745459661763e-10}. Best is trial 0 with value: 0.7074887461956848.
[I 2025-11-27 23:26:28,678] Trial 6 finished with value: 0.7074887461956848 and parameters: {'var_smoothing': 6.533666752927522e-07}. Best is trial 0 with value: 0.7074887461956848.
[I 2025-11-27 23:26:28,811] Trial 7 finished with value: 0.7074887461956848 and parameters: {'var_smoothing': 2.147526331120967e-12}. Best is trial 0 with value: 0.7074887461956848.
[I 2025-11-27 23:26:28,918] Trial 8 finished with value: 0.7074887461956848 and parameters: {'var_smoothing': 1.5655462426218786e-06}. Best is trial 0 with value: 0.7074887461956848.
[I 2025-11-27 23:26:29,025] Trial 9 finished with value: 0.7074887461956848 and parameters: {'var_smoothing': 1.0897541647843748e-09}. Best is trial 0 with value: 0.7074887461956848.
[I 2025-11-27 23:26:29,144] Trial 10 finished with value: 0.7074887461956848 and parameters: {'var_smoothing': 3.4978959769311967e-11}. Best is trial 0 with value: 0.7074887461956848.
[I 2025-11-27 23:26:29,251] Trial 11 finished with value: 0.7074887461956848 and parameters: {'var_smoothing': 8.072300600703727e-06}. Best is trial 0 with value: 0.7074887461956848.
[I 2025-11-27 23:26:29,369] Trial 12 finished with value: 0.7074887461956848 and parameters: {'var_smoothing': 1.3596001650950648e-07}. Best is trial 0 with value: 0.7074887461956848.
[I 2025-11-27 23:26:29,484] Trial 13 finished with value: 0.7074887461956848 and parameters: {'var_smoothing': 7.949684351262594e-06}. Best is trial 0 with value: 0.7074887461956848.
[I 2025-11-27 23:26:29,592] Trial 14 finished with value: 0.7074887461956848 and parameters: {'var_smoothing': 1.5097580349444782e-07}. Best is trial 0 with value: 0.7074887461956848.
[I 2025-11-27 23:26:29,708] Trial 15 finished with value: 0.7074887461956848 and parameters: {'var_smoothing': 7.127356544676578e-07}. Best is trial 0 with value: 0.7074887461956848.
[I 2025-11-27 23:26:29,818] Trial 16 finished with value: 0.7074887461956848 and parameters: {'var_smoothing': 1.8224049206240357e-08}. Best is trial 0 with value: 0.7074887461956848.
[I 2025-11-27 23:26:29,924] Trial 17 finished with value: 0.7074887461956848 and parameters: {'var_smoothing': 2.2884847280782297e-06}. Best is trial 0 with value: 0.7074887461956848.
[I 2025-11-27 23:26:30,042] Trial 18 finished with value: 0.7074887461956848 and parameters: {'var_smoothing': 6.326936122922201e-08}. Best is trial 0 with value: 0.7074887461956848.
[I 2025-11-27 23:26:30,147] Trial 19 finished with value: 0.7074887461956848 and parameters: {'var_smoothing': 1.658462624086588e-10}. Best is trial 0 with value: 0.7074887461956848.
[I 2025-11-27 23:26:30,258] Trial 20 finished with value: 0.7074887461956848 and parameters: {'var_smoothing': 3.134131747332655e-07}. Best is trial 0 with value: 0.7074887461956848.
[I 2025-11-27 23:26:30,429] Trial 21 finished with value: 0.7074887461956848 and parameters: {'var_smoothing': 4.264649206643552e-09}. Best is trial 0 with value: 0.7074887461956848.
